<?xml version="1.0" encoding="UTF-8"?>
<!-- Generated by org.testng.reporters.JUnitReportReporter -->
<testsuite hostname="XYZ" failures="0" tests="2" name="TestNgPkg.Parrelel_Execution" time="86.165" errors="0" timestamp="2019-12-31T22:32:47 IST" skipped="0">
  <testcase classname="TestNgPkg.Parrelel_Execution" name="f1" time="45.055"/>
  <testcase classname="TestNgPkg.Parrelel_Execution" name="f" time="41.110"/>
</testsuite> <!-- TestNgPkg.Parrelel_Execution -->
