<?xml version="1.0" encoding="UTF-8"?>
<!-- Generated by org.testng.reporters.JUnitReportReporter -->
<testsuite hostname="XYZ" failures="0" tests="2" name="TestNgPkg.NewTest" time="58.925" errors="0" timestamp="2019-12-31T22:18:11 IST" skipped="0">
  <testcase classname="TestNgPkg.NewTest" name="f1" time="0.002"/>
  <testcase classname="TestNgPkg.NewTest" name="f" time="58.923"/>
</testsuite> <!-- TestNgPkg.NewTest -->
